 
****************************************
Report : power
        -hier
        -analysis_effort low
        -verbose
Design : total_filter
Version: O-2018.06
Date   : Mon May 10 20:05:42 2021
****************************************


Library(s) Used:

    NangateOpenCellLibrary (File: /afs/umich.edu/user/s/u/sunsusan/Desktop/SC_FIR_hardware_syn/Nangate/NangateOpenCellLibrary.db)


Operating Conditions: typical   Library: NangateOpenCellLibrary
Wire Load Model Mode: top

Design        Wire Load Model            Library
------------------------------------------------
total_filter           5K_hvratio_1_1    NangateOpenCellLibrary


Global Operating Voltage = 1.1  
Power-specific unit information :
    Voltage Units = 1V
    Capacitance Units = 1.000000ff
    Time Units = 1ns
    Dynamic Power Units = 1uW    (derived from V,C,T units)
    Leakage Power Units = 1nW


--------------------------------------------------------------------------------
                                       Switch   Int      Leak     Total
Hierarchy                              Power    Power    Power    Power    %
--------------------------------------------------------------------------------
total_filter                              5.854   26.652 1.66e+06 1.69e+03 100.0
  f16/mult_324 (total_filter_DW02_mult_0)
                                          0.219    0.161 1.72e+04   17.545   1.0
  f16/add_269 (total_filter_DW01_add_17)
                                       1.58e-03 1.92e-03  749.356    0.753   0.0
  f15/mult_354 (total_filter_DW02_mult_9)
                                          0.181    0.141 1.72e+04   17.484   1.0
  f15/add_289 (total_filter_DW01_add_35)
                                       1.61e-03 1.95e-03  731.727    0.735   0.0
  f14/mult_357 (total_filter_DW02_mult_1)
                                          0.205    0.158 1.73e+04   17.658   1.0
  f14/add_291 (total_filter_DW01_add_19)
                                       1.58e-03 1.91e-03  776.764    0.780   0.0
  f13/mult_357 (total_filter_DW02_mult_3)
                                          0.193    0.147 1.75e+04   17.851   1.1
  f13/add_291 (total_filter_DW01_add_23)
                                       1.58e-03 1.91e-03  776.764    0.780   0.0
  f12/mult_354 (total_filter_DW02_mult_4)
                                          0.138    0.105 1.72e+04   17.422   1.0
  f12/add_289 (total_filter_DW01_add_25)
                                       1.61e-03 1.95e-03  731.727    0.735   0.0
  f11/mult_354 (total_filter_DW02_mult_5)
                                          0.201    0.156 1.80e+04   18.386   1.1
  f11/add_289 (total_filter_DW01_add_27)
                                       1.58e-03 1.91e-03  775.900    0.779   0.0
  f10/mult_351 (total_filter_DW02_mult_13)
                                       9.09e-02 6.04e-02 1.75e+04   17.697   1.0
  f10/add_287 (total_filter_DW01_add_43)
                                       3.77e-05 5.42e-05  724.309    0.724   0.0
  f9/mult_351 (total_filter_DW02_mult_6)
                                          0.154    0.114 1.79e+04   18.165   1.1
  f9/add_287 (total_filter_DW01_add_29)
                                       1.60e-03 1.94e-03  763.796    0.767   0.0
  f8/mult_351 (total_filter_DW02_mult_15)
                                          0.124 8.52e-02 1.77e+04   17.863   1.1
  f8/add_287 (total_filter_DW01_add_47)
                                       1.59e-03 1.92e-03  732.116    0.736   0.0
  f7/mult_354 (total_filter_DW02_mult_7)
                                          0.162    0.125 1.80e+04   18.295   1.1
  f7/add_289 (total_filter_DW01_add_31)
                                       1.60e-03 1.94e-03  775.499    0.779   0.0
  f6/mult_354 (total_filter_DW02_mult_14)
                                          0.153    0.118 1.81e+04   18.365   1.1
  f6/add_289 (total_filter_DW01_add_45)
                                       1.60e-03 1.94e-03  775.499    0.779   0.0
  f5/mult_354 (total_filter_DW02_mult_8)
                                          0.153    0.115 1.81e+04   18.325   1.1
  f5/add_289 (total_filter_DW01_add_33)
                                       1.60e-03 1.94e-03  775.499    0.779   0.0
  f4/mult_351 (total_filter_DW02_mult_10)
                                          0.109 7.18e-02 1.77e+04   17.904   1.1
  f4/add_287 (total_filter_DW01_add_37)
                                       1.58e-03 1.92e-03  739.111    0.743   0.0
  f3/mult_354 (total_filter_DW02_mult_11)
                                          0.135    0.102 1.81e+04   18.341   1.1
  f3/add_289 (total_filter_DW01_add_39)
                                       1.60e-03 1.94e-03  775.499    0.779   0.0
  f2/mult_351 (total_filter_DW02_mult_12)
                                       7.24e-02 3.90e-02 1.76e+04   17.731   1.0
  f2/add_287 (total_filter_DW01_add_41)
                                       1.61e-03 1.95e-03  738.720    0.742   0.0
  f1/mult_357 (total_filter_DW02_mult_2)
                                          0.103 7.25e-02 1.74e+04   17.543   1.0
  f1/add_291 (total_filter_DW01_add_21)
                                       1.58e-03 1.91e-03  776.764    0.780   0.0
  f1/add_363 (total_filter_DW01_add_15)
                                       1.15e-02 2.31e-02 1.99e+03    2.022   0.1
  f2/add_357 (total_filter_DW01_add_14)
                                       4.09e-03 8.59e-03 1.85e+03    1.862   0.1
  f3/add_360 (total_filter_DW01_add_13)
                                       1.13e-02 2.28e-02 1.98e+03    2.013   0.1
  f4/add_357 (total_filter_DW01_add_12)
                                       3.91e-03 8.23e-03 1.85e+03    1.857   0.1
  f5/add_360 (total_filter_DW01_add_11)
                                       1.25e-02 2.50e-02 1.97e+03    2.012   0.1
  f6/add_360 (total_filter_DW01_add_10)
                                       1.25e-02 2.49e-02 1.97e+03    2.006   0.1
  f7/add_360 (total_filter_DW01_add_9) 1.49e-02 2.96e-02 1.98e+03    2.026   0.1
  f8/add_357 (total_filter_DW01_add_8) 1.76e-03 4.20e-03 1.82e+03    1.826   0.1
  f9/add_357 (total_filter_DW01_add_7) 1.27e-02 2.51e-02 1.94e+03    1.977   0.1
  f10/add_357 (total_filter_DW01_add_6)
                                       2.65e-04 5.10e-04 1.69e+03    1.687   0.1
  f11/add_360 (total_filter_DW01_add_5)
                                       1.75e-02 3.49e-02 1.98e+03    2.030   0.1
  f12/add_360 (total_filter_DW01_add_4)
                                       1.83e-03 4.40e-03 1.82e+03    1.829   0.1
  f13/add_363 (total_filter_DW01_add_3)
                                       1.52e-02 3.10e-02 1.98e+03    2.026   0.1
  f14/add_363 (total_filter_DW01_add_2)
                                       1.57e-02 3.24e-02 1.99e+03    2.034   0.1
  f15/add_360 (total_filter_DW01_add_1)
                                       1.90e-03 4.55e-03 1.82e+03    1.830   0.1
  f16/add_330 (total_filter_DW01_add_0)
                                       9.05e-03 1.87e-02 1.81e+03    1.841   0.1
1
