 
****************************************
Report : power
        -hier
        -analysis_effort low
        -verbose
Design : total_filter
Version: O-2018.06
Date   : Fri May 21 22:16:08 2021
****************************************


Library(s) Used:

    NangateOpenCellLibrary (File: /afs/umich.edu/user/s/u/sunsusan/Desktop/SC_FIR_hardware_syn/Nangate/NangateOpenCellLibrary.db)


Operating Conditions: typical   Library: NangateOpenCellLibrary
Wire Load Model Mode: top

Design        Wire Load Model            Library
------------------------------------------------
total_filter           5K_hvratio_1_1    NangateOpenCellLibrary


Global Operating Voltage = 1.1  
Power-specific unit information :
    Voltage Units = 1V
    Capacitance Units = 1.000000ff
    Time Units = 1ns
    Dynamic Power Units = 1uW    (derived from V,C,T units)
    Leakage Power Units = 1nW


--------------------------------------------------------------------------------
                                       Switch   Int      Leak     Total
Hierarchy                              Power    Power    Power    Power    %
--------------------------------------------------------------------------------
total_filter                              4.964   17.805 1.72e+06 1.74e+03 100.0
  core/f16/mult_324 (total_filter_DW02_mult_0)
                                          0.206    0.138 1.92e+04   19.516   1.1
  core/f16/add_269 (total_filter_DW01_add_17)
                                       1.75e-03 2.12e-03  776.855    0.781   0.0
  core/f14/mult_357 (total_filter_DW02_mult_8)
                                          0.174    0.127 1.93e+04   19.602   1.1
  core/f14/add_291 (total_filter_DW01_add_33)
                                       1.75e-03 2.12e-03  776.858    0.781   0.0
  core/f13/mult_357 (total_filter_DW02_mult_5)
                                          0.142 9.11e-02 1.92e+04   19.422   1.1
  core/f13/add_291 (total_filter_DW01_add_27)
                                       1.75e-03 2.12e-03  776.858    0.781   0.0
  core/f9/mult_351 (total_filter_DW02_mult_3)
                                          0.152    0.111 2.01e+04   20.322   1.2
  core/f9/add_287 (total_filter_DW01_add_23)
                                       1.75e-03 2.12e-03  776.858    0.781   0.0
  core/f8/mult_351 (total_filter_DW02_mult_12)
                                          0.147    0.100 2.01e+04   20.319   1.2
  core/f8/add_287 (total_filter_DW01_add_41)
                                       1.65e-03 2.00e-03  775.799    0.779   0.0
  core/f7/mult_354 (total_filter_DW02_mult_6)
                                          0.147    0.104 2.01e+04   20.335   1.2
  core/f7/add_289 (total_filter_DW01_add_29)
                                       1.75e-03 2.12e-03  776.858    0.781   0.0
  core/f6/mult_354 (total_filter_DW02_mult_13)
                                          0.139 9.87e-02 2.01e+04   20.306   1.2
  core/f6/add_289 (total_filter_DW01_add_43)
                                       1.75e-03 2.12e-03  776.858    0.781   0.0
  core/f5/mult_354 (total_filter_DW02_mult_14)
                                          0.135 9.57e-02 2.01e+04   20.299   1.2
  core/f5/add_289 (total_filter_DW01_add_45)
                                       1.75e-03 2.12e-03  776.858    0.781   0.0
  core/f4/mult_351 (total_filter_DW02_mult_15)
                                          0.135 9.60e-02 2.01e+04   20.281   1.2
  core/f4/add_287 (total_filter_DW01_add_47)
                                       1.74e-03 2.11e-03  776.690    0.781   0.0
  core/f3/mult_354 (total_filter_DW02_mult_9)
                                          0.126 9.07e-02 2.00e+04   20.252   1.2
  core/f3/add_289 (total_filter_DW01_add_35)
                                       1.75e-03 2.12e-03  776.858    0.781   0.0
  core/f2/mult_348 (total_filter_DW02_mult_7)
                                       8.24e-02 4.13e-02 2.00e+04   20.115   1.2
  core/f2/add_285 (total_filter_DW01_add_31)
                                       1.63e-03 1.97e-03  775.629    0.779   0.0
  core/f1/mult_358 (total_filter_DW02_mult_4)
                                       7.16e-02 3.44e-02 1.93e+04   19.423   1.1
  core/f1/add_292 (total_filter_DW01_add_25)
                                       1.75e-03 2.12e-03  776.858    0.781   0.0
  core/f11/mult_351 (total_filter_DW02_mult_10)
                                       8.44e-02 5.25e-02 1.99e+04   20.060   1.2
  core/f11/add_287 (total_filter_DW01_add_37)
                                       3.29e-04 3.98e-04  769.784    0.771   0.0
  core/f10/mult_351 (total_filter_DW02_mult_11)
                                          0.110 7.43e-02 1.99e+04   20.113   1.2
  core/f10/add_287 (total_filter_DW01_add_39)
                                       3.29e-04 3.98e-04  769.784    0.771   0.0
  core/f15/mult_348 (total_filter_DW02_mult_1)
                                          0.171    0.128 1.92e+04   19.543   1.1
  core/f15/add_285 (total_filter_DW01_add_19)
                                       6.24e-05 7.52e-05  768.600    0.769   0.0
  core/f12/mult_348 (total_filter_DW02_mult_2)
                                          0.111 7.93e-02 1.92e+04   19.414   1.1
  core/f12/add_285 (total_filter_DW01_add_21)
                                       6.60e-06 7.91e-06  768.342    0.768   0.0
  core/f1/add_364 (total_filter_DW01_add_15)
                                       2.33e-03 5.43e-03 1.93e+03    1.939   0.1
  core/f2/add_354 (total_filter_DW01_add_14)
                                       1.81e-03 4.45e-03 1.93e+03    1.932   0.1
  core/f3/add_360 (total_filter_DW01_add_13)
                                       2.30e-03 5.32e-03 1.92e+03    1.931   0.1
  core/f4/add_357 (total_filter_DW01_add_12)
                                       2.29e-03 5.33e-03 1.92e+03    1.932   0.1
  core/f5/add_360 (total_filter_DW01_add_11)
                                       2.28e-03 5.28e-03 1.92e+03    1.931   0.1
  core/f6/add_360 (total_filter_DW01_add_10)
                                       2.28e-03 5.28e-03 1.92e+03    1.931   0.1
  core/f7/add_360 (total_filter_DW01_add_9)
                                       2.28e-03 5.27e-03 1.93e+03    1.933   0.1
  core/f8/add_357 (total_filter_DW01_add_8)
                                       1.91e-03 4.63e-03 1.92e+03    1.930   0.1
  core/f9/add_357 (total_filter_DW01_add_7)
                                       2.29e-03 5.29e-03 1.93e+03    1.933   0.1
  core/f10/add_357 (total_filter_DW01_add_6)
                                       4.50e-04 1.05e-03 1.81e+03    1.810   0.1
  core/f11/add_357 (total_filter_DW01_add_5)
                                       4.92e-04 1.15e-03 1.81e+03    1.812   0.1
  core/f12/add_354 (total_filter_DW01_add_4)
                                       4.98e-05 1.17e-04 1.78e+03    1.782   0.1
  core/f13/add_363 (total_filter_DW01_add_3)
                                       2.20e-03 5.12e-03 1.93e+03    1.935   0.1
  core/f14/add_363 (total_filter_DW01_add_2)
                                       2.41e-03 5.57e-03 1.93e+03    1.934   0.1
  core/f15/add_354 (total_filter_DW01_add_1)
                                       1.10e-04 2.58e-04 1.78e+03    1.785   0.1
  core/f16/add_330 (total_filter_DW01_add_0)
                                       2.36e-03 5.51e-03 1.93e+03    1.940   0.1
  ctrl (control)                          0.818    3.049 1.77e+05  181.162  10.4
1
