 
****************************************
Report : power
        -hier
        -analysis_effort low
        -verbose
Design : total_filter
Version: O-2018.06
Date   : Sat May 22 15:28:23 2021
****************************************


Library(s) Used:

    NangateOpenCellLibrary (File: /afs/umich.edu/user/s/u/sunsusan/Desktop/SC_FIR_hardware_syn/Nangate/NangateOpenCellLibrary.db)


Operating Conditions: typical   Library: NangateOpenCellLibrary
Wire Load Model Mode: top

Design        Wire Load Model            Library
------------------------------------------------
total_filter           5K_hvratio_1_1    NangateOpenCellLibrary


Global Operating Voltage = 1.1  
Power-specific unit information :
    Voltage Units = 1V
    Capacitance Units = 1.000000ff
    Time Units = 1ns
    Dynamic Power Units = 1uW    (derived from V,C,T units)
    Leakage Power Units = 1nW


--------------------------------------------------------------------------------
                                       Switch   Int      Leak     Total
Hierarchy                              Power    Power    Power    Power    %
--------------------------------------------------------------------------------
total_filter                              2.261    9.615 9.51e+05  962.496 100.0
  core/f11/mult_315 (total_filter_DW02_mult_13)
                                       3.91e-02 2.75e-02 7.94e+03    8.008   0.8
  core/f11/add_263 (total_filter_DW01_add_43)
                                       1.65e-05 1.98e-05  479.804    0.480   0.0
  core/f9/mult_324 (total_filter_DW02_mult_11)
                                       3.59e-02 2.61e-02 7.95e+03    8.009   0.8
  core/f9/add_269 (total_filter_DW01_add_39)
                                       1.65e-05 1.98e-05  479.841    0.480   0.0
  core/f8/mult_318 (total_filter_DW02_mult_14)
                                       3.72e-02 2.60e-02 7.95e+03    8.012   0.8
  core/f8/add_265 (total_filter_DW01_add_45)
                                       1.65e-05 1.98e-05  479.841    0.480   0.0
  core/f6/mult_324 (total_filter_DW02_mult_5)
                                       2.15e-02 1.45e-02 7.95e+03    7.984   0.8
  core/f6/add_269 (total_filter_DW01_add_27)
                                       1.65e-05 1.98e-05  479.841    0.480   0.0
  core/f5/mult_327 (total_filter_DW02_mult_6)
                                       1.45e-02 9.14e-03 7.93e+03    7.959   0.8
  core/f5/add_271 (total_filter_DW01_add_29)
                                       1.65e-05 1.98e-05  479.841    0.480   0.0
  core/f4/mult_321 (total_filter_DW02_mult_7)
                                       1.37e-02 8.80e-03 7.94e+03    7.964   0.8
  core/f4/add_267 (total_filter_DW01_add_31)
                                       1.65e-05 1.98e-05  479.841    0.480   0.0
  core/f10/mult_321 (total_filter_DW02_mult_10)
                                       4.22e-02 3.09e-02 7.94e+03    8.017   0.8
  core/f10/add_267 (total_filter_DW01_add_37)
                                       4.49e-06 5.39e-06  479.693    0.480   0.0
  core/f7/mult_324 (total_filter_DW02_mult_12)
                                       2.93e-02 2.07e-02 7.94e+03    7.993   0.8
  core/f7/add_269 (total_filter_DW01_add_41)
                                       4.49e-06 5.39e-06  479.693    0.480   0.0
  core/f3/mult_327 (total_filter_DW02_mult_8)
                                       6.42e-03 3.16e-03 7.92e+03    7.932   0.8
  core/f3/add_271 (total_filter_DW01_add_33)
                                       4.49e-06 5.39e-06  479.693    0.480   0.0
  core/f2/mult_321 (total_filter_DW02_mult_3)
                                       2.11e-02 1.53e-02 7.99e+03    8.030   0.8
  core/f2/add_267 (total_filter_DW01_add_23)
                                       4.49e-06 5.39e-06  479.693    0.480   0.0
  core/f14/mult_318 (total_filter_DW02_mult_9)
                                       5.40e-02 3.89e-02 7.70e+03    7.796   0.8
  core/f14/add_265 (total_filter_DW01_add_35)
                                          0.000    0.000  479.674    0.480   0.0
  core/f12/mult_321 (total_filter_DW02_mult_2)
                                       3.93e-02 2.71e-02 7.77e+03    7.837   0.8
  core/f12/add_267 (total_filter_DW01_add_21)
                                          0.000    0.000  479.674    0.480   0.0
  core/f1/mult_328 (total_filter_DW02_mult_15)
                                       1.94e-02 1.51e-02 7.83e+03    7.861   0.8
  core/f1/add_272 (total_filter_DW01_add_47)
                                          0.000    0.000  479.674    0.480   0.0
  core/f15/mult_294 (total_filter_DW02_mult_4)
                                       5.01e-02 3.67e-02 7.76e+03    7.850   0.8
  core/f15/add_249 (total_filter_DW01_add_25)
                                          0.000    0.000  479.674    0.480   0.0
  core/f16/mult_285 (total_filter_DW02_mult_0)
                                       7.55e-02 5.82e-02 7.71e+03    7.843   0.8
  core/f16/add_243 (total_filter_DW01_add_17)
                                          0.000    0.000  479.674    0.480   0.0
  core/f13/mult_306 (total_filter_DW02_mult_1)
                                       4.81e-02 3.62e-02 7.71e+03    7.799   0.8
  core/f13/add_257 (total_filter_DW01_add_19)
                                          0.000    0.000  479.674    0.480   0.0
  core/f1/add_334 (total_filter_DW01_add_15)
                                       2.59e-05 6.06e-05 1.20e+03    1.203   0.1
  core/f2/add_327 (total_filter_DW01_add_14)
                                       2.61e-05 6.12e-05 1.20e+03    1.203   0.1
  core/f3/add_333 (total_filter_DW01_add_13)
                                       3.11e-05 7.38e-05 1.20e+03    1.203   0.1
  core/f4/add_327 (total_filter_DW01_add_12)
                                       5.23e-05 1.21e-04 1.20e+03    1.205   0.1
  core/f5/add_333 (total_filter_DW01_add_11)
                                       5.23e-05 1.21e-04 1.20e+03    1.205   0.1
  core/f6/add_330 (total_filter_DW01_add_10)
                                       5.23e-05 1.21e-04 1.20e+03    1.205   0.1
  core/f7/add_330 (total_filter_DW01_add_9)
                                       2.61e-05 6.12e-05 1.20e+03    1.203   0.1
  core/f8/add_324 (total_filter_DW01_add_8)
                                       2.72e-05 6.37e-05 1.20e+03    1.203   0.1
  core/f9/add_330 (total_filter_DW01_add_7)
                                       2.72e-05 6.37e-05 1.20e+03    1.203   0.1
  core/f10/add_327 (total_filter_DW01_add_6)
                                       2.61e-05 6.12e-05 1.20e+03    1.203   0.1
  core/f11/add_321 (total_filter_DW01_add_5)
                                       4.49e-05 1.08e-04 1.20e+03    1.205   0.1
  core/f12/add_327 (total_filter_DW01_add_4)
                                       2.59e-05 6.06e-05 1.20e+03    1.203   0.1
  core/f13/add_312 (total_filter_DW01_add_3)
                                       2.59e-05 6.06e-05 1.20e+03    1.203   0.1
  core/f14/add_324 (total_filter_DW01_add_2)
                                       2.59e-05 6.06e-05 1.20e+03    1.203   0.1
  core/f15/add_300 (total_filter_DW01_add_1)
                                       2.59e-05 6.06e-05 1.20e+03    1.203   0.1
  core/f16/add_291 (total_filter_DW01_add_0)
                                       2.59e-05 6.06e-05 1.20e+03    1.203   0.1
  ctrl (control)                          0.607    1.522 1.06e+05  108.595  11.3
1
