 
****************************************
Report : power
        -hier
        -analysis_effort low
        -verbose
Design : total_filter
Version: O-2018.06
Date   : Mon May 17 10:42:38 2021
****************************************


Library(s) Used:

    NangateOpenCellLibrary (File: /afs/umich.edu/user/s/u/sunsusan/Desktop/SC_FIR_hardware_syn/Nangate/NangateOpenCellLibrary.db)


Operating Conditions: typical   Library: NangateOpenCellLibrary
Wire Load Model Mode: top

Design        Wire Load Model            Library
------------------------------------------------
total_filter           5K_hvratio_1_1    NangateOpenCellLibrary


Global Operating Voltage = 1.1  
Power-specific unit information :
    Voltage Units = 1V
    Capacitance Units = 1.000000ff
    Time Units = 1ns
    Dynamic Power Units = 1uW    (derived from V,C,T units)
    Leakage Power Units = 1nW


--------------------------------------------------------------------------------
                                       Switch   Int      Leak     Total
Hierarchy                              Power    Power    Power    Power    %
--------------------------------------------------------------------------------
total_filter                              3.864   23.703 1.52e+06 1.55e+03 100.0
  f16/mult_318 (total_filter_DW02_mult_1)
                                          0.140 9.87e-02 1.47e+04   14.971   1.0
  f16/add_265 (total_filter_DW01_add_19)
                                       3.32e-05 4.71e-05  675.320    0.675   0.0
  f15/mult_345 (total_filter_DW02_mult_15)
                                          0.116 8.18e-02 1.48e+04   15.035   1.0
  f15/add_283 (total_filter_DW01_add_47)
                                       3.32e-05 4.71e-05  675.320    0.675   0.0
  f14/mult_345 (total_filter_DW02_mult_0)
                                          0.163    0.120 1.49e+04   15.163   1.0
  f14/add_283 (total_filter_DW01_add_17)
                                       1.51e-03 1.83e-03  683.004    0.686   0.0
  f13/mult_358 (total_filter_DW02_mult_10)
                                          0.105 6.55e-02 1.48e+04   14.936   1.0
  f13/add_292 (total_filter_DW01_add_37)
                                       1.51e-03 1.83e-03  683.004    0.686   0.0
  f12/mult_345 (total_filter_DW02_mult_11)
                                       9.46e-02 6.90e-02 1.48e+04   15.004   1.0
  f12/add_283 (total_filter_DW01_add_39)
                                       4.08e-05 6.04e-05  675.111    0.675   0.0
  f11/mult_348 (total_filter_DW02_mult_2)
                                       6.15e-02 4.14e-02 1.53e+04   15.430   1.0
  f11/add_285 (total_filter_DW01_add_21)
                                       5.26e-05 7.33e-05  674.988    0.675   0.0
  f10/mult_351 (total_filter_DW02_mult_14)
                                       7.61e-02 5.22e-02 1.53e+04   15.429   1.0
  f10/add_287 (total_filter_DW01_add_45)
                                       3.46e-05 4.87e-05  675.325    0.675   0.0
  f9/mult_348 (total_filter_DW02_mult_5)
                                          0.116 8.08e-02 1.54e+04   15.632   1.0
  f9/add_285 (total_filter_DW01_add_27)
                                       1.51e-03 1.83e-03  682.999    0.686   0.0
  f8/mult_348 (total_filter_DW02_mult_12)
                                       3.95e-02 2.37e-02 1.53e+04   15.385   1.0
  f8/add_285 (total_filter_DW01_add_41)
                                       3.32e-05 4.71e-05  675.320    0.675   0.0
  f7/mult_348 (total_filter_DW02_mult_6)
                                       3.43e-02 1.90e-02 1.53e+04   15.396   1.0
  f7/add_285 (total_filter_DW01_add_29)
                                       3.32e-05 4.71e-05  675.320    0.675   0.0
  f6/mult_351 (total_filter_DW02_mult_7)
                                       6.21e-02 4.16e-02 1.53e+04   15.400   1.0
  f6/add_287 (total_filter_DW01_add_31)
                                       3.46e-05 4.87e-05  675.325    0.675   0.0
  f5/mult_351 (total_filter_DW02_mult_8)
                                          0.101 7.43e-02 1.54e+04   15.593   1.0
  f5/add_287 (total_filter_DW01_add_33)
                                       1.51e-03 1.83e-03  683.004    0.686   0.0
  f4/mult_345 (total_filter_DW02_mult_3)
                                       2.16e-02 8.37e-03 1.53e+04   15.340   1.0
  f4/add_283 (total_filter_DW01_add_23)
                                       3.32e-05 4.71e-05  675.320    0.675   0.0
  f3/mult_345 (total_filter_DW02_mult_4)
                                       5.56e-02 3.51e-02 1.53e+04   15.373   1.0
  f3/add_283 (total_filter_DW01_add_25)
                                       3.46e-05 4.87e-05  675.325    0.675   0.0
  f2/mult_342 (total_filter_DW02_mult_13)
                                       5.27e-02 3.37e-02 1.54e+04   15.462   1.0
  f2/add_281 (total_filter_DW01_add_43)
                                       3.32e-05 4.71e-05  675.320    0.675   0.0
  f1/mult_353 (total_filter_DW02_mult_9)
                                       4.98e-02 2.45e-02 1.49e+04   14.959   1.0
  f1/add_288 (total_filter_DW01_add_35)
                                       1.51e-03 1.83e-03  683.004    0.686   0.0
  f1/add_359 (total_filter_DW01_add_15)
                                       1.74e-03 4.23e-03 1.72e+03    1.726   0.1
  f2/add_348 (total_filter_DW01_add_14)
                                       4.44e-05 8.79e-05 1.59e+03    1.587   0.1
  f3/add_351 (total_filter_DW01_add_13)
                                       1.05e-04 2.04e-04 1.59e+03    1.591   0.1
  f4/add_351 (total_filter_DW01_add_12)
                                       1.15e-04 2.30e-04 1.59e+03    1.592   0.1
  f5/add_357 (total_filter_DW01_add_11)
                                       1.70e-03 4.14e-03 1.71e+03    1.719   0.1
  f6/add_357 (total_filter_DW01_add_10)
                                       1.35e-04 2.60e-04 1.59e+03    1.590   0.1
  f7/add_354 (total_filter_DW01_add_9) 1.54e-04 3.03e-04 1.59e+03    1.591   0.1
  f8/add_354 (total_filter_DW01_add_8) 1.82e-04 3.56e-04 1.59e+03    1.590   0.1
  f9/add_354 (total_filter_DW01_add_7) 1.81e-03 4.35e-03 1.71e+03    1.720   0.1
  f10/add_357 (total_filter_DW01_add_6)
                                       1.97e-04 3.76e-04 1.59e+03    1.590   0.1
  f11/add_354 (total_filter_DW01_add_5)
                                       2.32e-04 4.58e-04 1.59e+03    1.590   0.1
  f12/add_351 (total_filter_DW01_add_4)
                                       1.48e-04 2.81e-04 1.59e+03    1.592   0.1
  f13/add_364 (total_filter_DW01_add_3)
                                       1.82e-03 4.38e-03 1.72e+03    1.724   0.1
  f14/add_351 (total_filter_DW01_add_2)
                                       1.81e-03 4.33e-03 1.71e+03    1.719   0.1
  f15/add_351 (total_filter_DW01_add_1)
                                       2.07e-04 4.24e-04 1.59e+03    1.589   0.1
  f16/add_324 (total_filter_DW01_add_0)
                                       2.37e-04 4.69e-04 1.59e+03    1.590   0.1
1
