 
****************************************
Report : power
        -hier
        -analysis_effort low
        -verbose
Design : total_filter
Version: O-2018.06
Date   : Fri May 21 15:28:07 2021
****************************************


Library(s) Used:

    NangateOpenCellLibrary (File: /afs/umich.edu/user/s/u/sunsusan/Desktop/SC_FIR_hardware_syn/Nangate/NangateOpenCellLibrary.db)


Operating Conditions: typical   Library: NangateOpenCellLibrary
Wire Load Model Mode: top

Design        Wire Load Model            Library
------------------------------------------------
total_filter           5K_hvratio_1_1    NangateOpenCellLibrary


Global Operating Voltage = 1.1  
Power-specific unit information :
    Voltage Units = 1V
    Capacitance Units = 1.000000ff
    Time Units = 1ns
    Dynamic Power Units = 1uW    (derived from V,C,T units)
    Leakage Power Units = 1nW


--------------------------------------------------------------------------------
                                       Switch   Int      Leak     Total
Hierarchy                              Power    Power    Power    Power    %
--------------------------------------------------------------------------------
total_filter                              2.760   12.532 1.23e+06 1.24e+03 100.0
  core/f13/mult_346 (total_filter_DW02_mult_9)
                                       7.65e-02 5.68e-02 1.09e+04   11.052   0.9
  core/f13/add_284 (total_filter_DW01_add_35)
                                       7.58e-05 9.09e-05  576.435    0.577   0.0
  core/f9/mult_339 (total_filter_DW02_mult_6)
                                       3.81e-02 2.58e-02 1.13e+04   11.375   0.9
  core/f9/add_279 (total_filter_DW01_add_29)
                                       5.32e-05 6.39e-05  576.155    0.576   0.0
  core/f8/mult_342 (total_filter_DW02_mult_2)
                                       3.55e-02 2.30e-02 1.13e+04   11.367   0.9
  core/f8/add_281 (total_filter_DW01_add_21)
                                       5.32e-05 6.39e-05  576.155    0.576   0.0
  core/f7/mult_345 (total_filter_DW02_mult_7)
                                       2.42e-02 1.57e-02 1.13e+04   11.354   0.9
  core/f7/add_283 (total_filter_DW01_add_31)
                                       4.32e-05 5.19e-05  576.423    0.577   0.0
  core/f11/mult_342 (total_filter_DW02_mult_1)
                                       5.84e-02 4.12e-02 1.13e+04   11.407   0.9
  core/f11/add_281 (total_filter_DW01_add_19)
                                       4.20e-05 5.05e-05  576.177    0.576   0.0
  core/f10/mult_339 (total_filter_DW02_mult_10)
                                       3.54e-02 2.36e-02 1.13e+04   11.363   0.9
  core/f10/add_279 (total_filter_DW01_add_37)
                                       3.60e-05 4.33e-05  576.059    0.576   0.0
  core/f4/mult_342 (total_filter_DW02_mult_13)
                                       1.35e-02 6.66e-03 1.13e+04   11.323   0.9
  core/f4/add_281 (total_filter_DW01_add_43)
                                       3.60e-05 4.33e-05  576.059    0.576   0.0
  core/f12/mult_339 (total_filter_DW02_mult_4)
                                       4.74e-02 3.12e-02 1.10e+04   11.073   0.9
  core/f12/add_279 (total_filter_DW01_add_25)
                                       7.99e-06 9.63e-06  575.924    0.576   0.0
  core/f6/mult_339 (total_filter_DW02_mult_11)
                                       2.22e-02 1.29e-02 1.13e+04   11.352   0.9
  core/f6/add_279 (total_filter_DW01_add_39)
                                       7.99e-06 9.63e-06  575.924    0.576   0.0
  core/f5/mult_333 (total_filter_DW02_mult_12)
                                       1.82e-02 1.00e-02 1.13e+04   11.334   0.9
  core/f5/add_275 (total_filter_DW01_add_41)
                                       7.99e-06 9.63e-06  575.924    0.576   0.0
  core/f2/mult_336 (total_filter_DW02_mult_14)
                                       3.43e-02 2.32e-02 1.14e+04   11.413   0.9
  core/f2/add_277 (total_filter_DW01_add_45)
                                       7.99e-06 9.63e-06  575.924    0.576   0.0
  core/f15/mult_330 (total_filter_DW02_mult_15)
                                       8.74e-02 6.28e-02 1.10e+04   11.137   0.9
  core/f15/add_273 (total_filter_DW01_add_47)
                                       4.00e-06 4.81e-06  575.901    0.576   0.0
  core/f3/mult_333 (total_filter_DW02_mult_5)
                                       1.05e-02 3.09e-03 1.13e+04   11.299   0.9
  core/f3/add_275 (total_filter_DW01_add_27)
                                       4.00e-06 4.81e-06  575.901    0.576   0.0
  core/f16/mult_303 (total_filter_DW02_mult_0)
                                       8.48e-02 6.08e-02 1.09e+04   11.053   0.9
  core/f16/add_255 (total_filter_DW01_add_17)
                                          0.000    0.000  575.887    0.576   0.0
  core/f14/mult_330 (total_filter_DW02_mult_3)
                                       8.00e-02 6.04e-02 1.09e+04   11.053   0.9
  core/f14/add_273 (total_filter_DW01_add_23)
                                          0.000    0.000  575.887    0.576   0.0
  core/f1/mult_333 (total_filter_DW02_mult_8)
                                       3.06e-02 2.22e-02 1.11e+04   11.107   0.9
  core/f1/add_275 (total_filter_DW01_add_33)
                                          0.000    0.000  575.887    0.576   0.0
  core/f1/add_339 (total_filter_DW01_add_15)
                                       4.48e-06 1.05e-05 1.39e+03    1.394   0.1
  core/f2/add_342 (total_filter_DW01_add_14)
                                       5.18e-06 1.20e-05 1.39e+03    1.394   0.1
  core/f3/add_339 (total_filter_DW01_add_13)
                                       8.97e-06 2.17e-05 1.39e+03    1.394   0.1
  core/f4/add_348 (total_filter_DW01_add_12)
                                       5.46e-05 1.27e-04 1.40e+03    1.397   0.1
  core/f5/add_339 (total_filter_DW01_add_11)
                                       1.99e-05 4.39e-05 1.39e+03    1.395   0.1
  core/f6/add_345 (total_filter_DW01_add_10)
                                       1.97e-05 4.36e-05 1.39e+03    1.395   0.1
  core/f7/add_351 (total_filter_DW01_add_9)
                                       1.16e-04 2.45e-04 1.40e+03    1.399   0.1
  core/f8/add_348 (total_filter_DW01_add_8)
                                       7.77e-05 1.82e-04 1.40e+03    1.399   0.1
  core/f9/add_345 (total_filter_DW01_add_7)
                                       7.77e-05 1.82e-04 1.40e+03    1.399   0.1
  core/f10/add_345 (total_filter_DW01_add_6)
                                       5.46e-05 1.27e-04 1.40e+03    1.397   0.1
  core/f11/add_348 (total_filter_DW01_add_5)
                                       1.22e-05 2.60e-05 1.39e+03    1.394   0.1
  core/f12/add_345 (total_filter_DW01_add_4)
                                       1.99e-05 4.39e-05 1.39e+03    1.395   0.1
  core/f13/add_352 (total_filter_DW01_add_3)
                                       1.08e-04 2.30e-04 1.40e+03    1.398   0.1
  core/f14/add_336 (total_filter_DW01_add_2)
                                       4.48e-06 1.05e-05 1.39e+03    1.394   0.1
  core/f15/add_336 (total_filter_DW01_add_1)
                                       8.97e-06 2.17e-05 1.39e+03    1.394   0.1
  core/f16/add_309 (total_filter_DW01_add_0)
                                       4.48e-06 1.05e-05 1.39e+03    1.394   0.1
  ctrl (control)                          0.704    2.078 1.30e+05  132.861  10.7
1
