 
****************************************
Report : power
        -hier
        -analysis_effort low
        -verbose
Design : total_filter
Version: O-2018.06
Date   : Sat May 22 14:29:19 2021
****************************************


Library(s) Used:

    NangateOpenCellLibrary (File: /afs/umich.edu/user/s/u/sunsusan/Desktop/SC_FIR_hardware_syn/Nangate/NangateOpenCellLibrary.db)


Operating Conditions: typical   Library: NangateOpenCellLibrary
Wire Load Model Mode: top

Design        Wire Load Model            Library
------------------------------------------------
total_filter           5K_hvratio_1_1    NangateOpenCellLibrary


Global Operating Voltage = 1.1  
Power-specific unit information :
    Voltage Units = 1V
    Capacitance Units = 1.000000ff
    Time Units = 1ns
    Dynamic Power Units = 1uW    (derived from V,C,T units)
    Leakage Power Units = 1nW


--------------------------------------------------------------------------------
                                       Switch   Int      Leak     Total
Hierarchy                              Power    Power    Power    Power    %
--------------------------------------------------------------------------------
total_filter                              5.788   19.121 1.84e+06 1.87e+03 100.0
  core/f16/mult_324 (total_filter_DW02_mult_0)
                                          0.243    0.164 2.17e+04   22.079   1.2
  core/f16/add_269 (total_filter_DW01_add_17)
                                       1.99e-03 2.41e-03  827.504    0.832   0.0
  core/f15/mult_354 (total_filter_DW02_mult_4)
                                          0.242    0.187 2.19e+04   22.358   1.2
  core/f15/add_289 (total_filter_DW01_add_25)
                                       1.89e-03 2.29e-03  825.805    0.830   0.0
  core/f14/mult_357 (total_filter_DW02_mult_5)
                                          0.208    0.150 2.17e+04   22.057   1.2
  core/f14/add_291 (total_filter_DW01_add_27)
                                       2.01e-03 2.43e-03  827.360    0.832   0.0
  core/f13/mult_357 (total_filter_DW02_mult_1)
                                          0.170    0.109 2.17e+04   21.968   1.2
  core/f13/add_291 (total_filter_DW01_add_19)
                                       2.00e-03 2.42e-03  827.525    0.832   0.0
  core/f12/mult_354 (total_filter_DW02_mult_8)
                                          0.185    0.141 2.19e+04   22.241   1.2
  core/f12/add_289 (total_filter_DW01_add_33)
                                       1.89e-03 2.29e-03  825.805    0.830   0.0
  core/f11/mult_354 (total_filter_DW02_mult_2)
                                          0.203    0.143 2.26e+04   22.973   1.2
  core/f11/add_289 (total_filter_DW01_add_21)
                                       2.00e-03 2.42e-03  827.525    0.832   0.0
  core/f9/mult_351 (total_filter_DW02_mult_6)
                                          0.178    0.131 2.26e+04   22.900   1.2
  core/f9/add_287 (total_filter_DW01_add_29)
                                       2.01e-03 2.43e-03  827.360    0.832   0.0
  core/f8/mult_351 (total_filter_DW02_mult_10)
                                          0.174    0.117 2.26e+04   22.908   1.2
  core/f8/add_287 (total_filter_DW01_add_37)
                                       1.89e-03 2.29e-03  825.805    0.830   0.0
  core/f7/mult_354 (total_filter_DW02_mult_11)
                                          0.176    0.125 2.26e+04   22.938   1.2
  core/f7/add_289 (total_filter_DW01_add_39)
                                       2.01e-03 2.43e-03  827.360    0.832   0.0
  core/f6/mult_354 (total_filter_DW02_mult_3)
                                          0.163    0.117 2.26e+04   22.924   1.2
  core/f6/add_289 (total_filter_DW01_add_23)
                                       2.01e-03 2.43e-03  827.360    0.832   0.0
  core/f5/mult_354 (total_filter_DW02_mult_7)
                                          0.162    0.114 2.26e+04   22.900   1.2
  core/f5/add_289 (total_filter_DW01_add_31)
                                       2.01e-03 2.43e-03  827.360    0.832   0.0
  core/f4/mult_351 (total_filter_DW02_mult_12)
                                          0.162    0.113 2.26e+04   22.874   1.2
  core/f4/add_287 (total_filter_DW01_add_41)
                                       1.99e-03 2.41e-03  826.855    0.831   0.0
  core/f3/mult_354 (total_filter_DW02_mult_13)
                                          0.153    0.111 2.26e+04   22.856   1.2
  core/f3/add_289 (total_filter_DW01_add_43)
                                       2.01e-03 2.43e-03  827.360    0.832   0.0
  core/f2/mult_351 (total_filter_DW02_mult_14)
                                       9.47e-02 4.96e-02 2.25e+04   22.661   1.2
  core/f2/add_287 (total_filter_DW01_add_45)
                                       1.99e-03 2.41e-03  826.855    0.831   0.0
  core/f1/mult_358 (total_filter_DW02_mult_15)
                                       8.71e-02 4.19e-02 2.17e+04   21.835   1.2
  core/f1/add_292 (total_filter_DW01_add_47)
                                       2.01e-03 2.43e-03  827.360    0.832   0.0
  core/f10/mult_351 (total_filter_DW02_mult_9)
                                          0.129 8.80e-02 2.25e+04   22.676   1.2
  core/f10/add_287 (total_filter_DW01_add_35)
                                       4.11e-04 4.97e-04  818.894    0.820   0.0
  core/f1/add_364 (total_filter_DW01_add_15)
                                       2.62e-03 6.07e-03 2.04e+03    2.052   0.1
  core/f2/add_357 (total_filter_DW01_add_14)
                                       2.57e-03 6.01e-03 2.04e+03    2.051   0.1
  core/f3/add_360 (total_filter_DW01_add_13)
                                       2.56e-03 5.94e-03 2.04e+03    2.048   0.1
  core/f4/add_357 (total_filter_DW01_add_12)
                                       2.51e-03 5.82e-03 2.04e+03    2.045   0.1
  core/f5/add_360 (total_filter_DW01_add_11)
                                       2.43e-03 5.63e-03 2.04e+03    2.044   0.1
  core/f6/add_360 (total_filter_DW01_add_10)
                                       2.43e-03 5.63e-03 2.04e+03    2.044   0.1
  core/f7/add_360 (total_filter_DW01_add_9)
                                       2.57e-03 5.97e-03 2.04e+03    2.050   0.1
  core/f8/add_357 (total_filter_DW01_add_8)
                                       2.12e-03 5.13e-03 2.04e+03    2.046   0.1
  core/f9/add_357 (total_filter_DW01_add_7)
                                       2.49e-03 5.74e-03 2.04e+03    2.046   0.1
  core/f10/add_357 (total_filter_DW01_add_6)
                                       5.08e-04 1.17e-03 1.90e+03    1.907   0.1
  core/f11/add_360 (total_filter_DW01_add_5)
                                       2.67e-03 6.19e-03 2.04e+03    2.053   0.1
  core/f12/add_360 (total_filter_DW01_add_4)
                                       2.06e-03 5.00e-03 2.03e+03    2.042   0.1
  core/f13/add_363 (total_filter_DW01_add_3)
                                       2.44e-03 5.65e-03 2.03e+03    2.038   0.1
  core/f14/add_363 (total_filter_DW01_add_2)
                                       2.61e-03 6.01e-03 2.04e+03    2.052   0.1
  core/f15/add_360 (total_filter_DW01_add_1)
                                       2.06e-03 5.01e-03 2.03e+03    2.042   0.1
  core/f16/add_330 (total_filter_DW01_add_0)
                                       2.69e-03 6.24e-03 2.04e+03    2.051   0.1
  ctrl (control)                          0.825    3.235 1.89e+05  193.165  10.3
1
