 
****************************************
Report : power
        -hier
        -analysis_effort low
        -verbose
Design : total_filter
Version: O-2018.06
Date   : Fri May 21 14:33:41 2021
****************************************


Library(s) Used:

    NangateOpenCellLibrary (File: /afs/umich.edu/user/s/u/sunsusan/Desktop/SC_FIR_hardware_syn/Nangate/NangateOpenCellLibrary.db)


Operating Conditions: typical   Library: NangateOpenCellLibrary
Wire Load Model Mode: top

Design        Wire Load Model            Library
------------------------------------------------
total_filter           5K_hvratio_1_1    NangateOpenCellLibrary


Global Operating Voltage = 1.1  
Power-specific unit information :
    Voltage Units = 1V
    Capacitance Units = 1.000000ff
    Time Units = 1ns
    Dynamic Power Units = 1uW    (derived from V,C,T units)
    Leakage Power Units = 1nW


--------------------------------------------------------------------------------
                                       Switch   Int      Leak     Total
Hierarchy                              Power    Power    Power    Power    %
--------------------------------------------------------------------------------
total_filter                              4.591   16.845 1.59e+06 1.61e+03 100.0
  core/f14/mult_354 (total_filter_DW02_mult_2)
                                          0.165    0.121 1.70e+04   17.240   1.1
  core/f14/add_289 (total_filter_DW01_add_21)
                                       1.68e-03 2.03e-03  729.113    0.733   0.0
  core/f13/mult_357 (total_filter_DW02_mult_9)
                                          0.127 8.22e-02 1.69e+04   17.156   1.1
  core/f13/add_291 (total_filter_DW01_add_35)
                                       1.68e-03 2.03e-03  729.113    0.733   0.0
  core/f9/mult_351 (total_filter_DW02_mult_6)
                                          0.138    0.101 1.77e+04   17.890   1.1
  core/f9/add_287 (total_filter_DW01_add_29)
                                       1.68e-03 2.03e-03  729.113    0.733   0.0
  core/f8/mult_351 (total_filter_DW02_mult_15)
                                          0.131 8.96e-02 1.77e+04   17.879   1.1
  core/f8/add_287 (total_filter_DW01_add_47)
                                       1.57e-03 1.90e-03  728.053    0.732   0.0
  core/f7/mult_354 (total_filter_DW02_mult_10)
                                          0.130 9.39e-02 1.77e+04   17.900   1.1
  core/f7/add_289 (total_filter_DW01_add_37)
                                       1.68e-03 2.03e-03  729.113    0.733   0.0
  core/f6/mult_354 (total_filter_DW02_mult_7)
                                          0.125 8.99e-02 1.77e+04   17.872   1.1
  core/f6/add_289 (total_filter_DW01_add_31)
                                       1.68e-03 2.03e-03  729.113    0.733   0.0
  core/f5/mult_354 (total_filter_DW02_mult_11)
                                          0.120 8.78e-02 1.77e+04   17.868   1.1
  core/f5/add_289 (total_filter_DW01_add_39)
                                       1.68e-03 2.03e-03  729.113    0.733   0.0
  core/f4/mult_351 (total_filter_DW02_mult_8)
                                          0.120 8.53e-02 1.77e+04   17.855   1.1
  core/f4/add_287 (total_filter_DW01_add_33)
                                       1.66e-03 2.01e-03  728.924    0.733   0.0
  core/f3/mult_354 (total_filter_DW02_mult_13)
                                          0.114 8.29e-02 1.76e+04   17.834   1.1
  core/f3/add_289 (total_filter_DW01_add_43)
                                       1.68e-03 2.03e-03  729.113    0.733   0.0
  core/f1/mult_358 (total_filter_DW02_mult_0)
                                       5.76e-02 2.75e-02 1.69e+04   17.027   1.1
  core/f1/add_292 (total_filter_DW01_add_17)
                                       1.68e-03 2.03e-03  729.113    0.733   0.0
  core/f16/mult_321 (total_filter_DW02_mult_1)
                                          0.188    0.140 1.69e+04   17.235   1.1
  core/f16/add_267 (total_filter_DW01_add_19)
                                       3.10e-04 3.73e-04  721.701    0.722   0.0
  core/f11/mult_348 (total_filter_DW02_mult_4)
                                       7.82e-02 5.08e-02 1.75e+04   17.651   1.1
  core/f11/add_285 (total_filter_DW01_add_25)
                                       3.07e-04 3.71e-04  721.682    0.722   0.0
  core/f10/mult_351 (total_filter_DW02_mult_5)
                                       9.73e-02 6.73e-02 1.75e+04   17.685   1.1
  core/f10/add_287 (total_filter_DW01_add_27)
                                       3.12e-04 3.76e-04  721.716    0.722   0.0
  core/f15/mult_345 (total_filter_DW02_mult_12)
                                          0.134 9.38e-02 1.70e+04   17.234   1.1
  core/f15/add_283 (total_filter_DW01_add_41)
                                       1.63e-05 1.97e-05  720.267    0.720   0.0
  core/f12/mult_345 (total_filter_DW02_mult_3)
                                          0.109 7.86e-02 1.70e+04   17.181   1.1
  core/f12/add_283 (total_filter_DW01_add_23)
                                       1.46e-05 1.78e-05  720.256    0.720   0.0
  core/f2/mult_345 (total_filter_DW02_mult_14)
                                       6.29e-02 3.77e-02 1.76e+04   17.682   1.1
  core/f2/add_283 (total_filter_DW01_add_45)
                                       1.71e-05 2.06e-05  720.271    0.720   0.0
  core/f1/add_364 (total_filter_DW01_add_15)
                                       2.23e-03 5.21e-03 1.83e+03    1.835   0.1
  core/f2/add_351 (total_filter_DW01_add_14)
                                       7.02e-05 1.63e-04 1.69e+03    1.686   0.1
  core/f3/add_360 (total_filter_DW01_add_13)
                                       2.23e-03 5.17e-03 1.83e+03    1.834   0.1
  core/f4/add_357 (total_filter_DW01_add_12)
                                       2.18e-03 5.07e-03 1.82e+03    1.832   0.1
  core/f5/add_360 (total_filter_DW01_add_11)
                                       2.24e-03 5.21e-03 1.83e+03    1.834   0.1
  core/f6/add_360 (total_filter_DW01_add_10)
                                       2.25e-03 5.23e-03 1.83e+03    1.834   0.1
  core/f7/add_360 (total_filter_DW01_add_9)
                                       2.23e-03 5.19e-03 1.83e+03    1.834   0.1
  core/f8/add_357 (total_filter_DW01_add_8)
                                       1.80e-03 4.37e-03 1.82e+03    1.830   0.1
  core/f9/add_357 (total_filter_DW01_add_7)
                                       2.24e-03 5.19e-03 1.83e+03    1.834   0.1
  core/f10/add_357 (total_filter_DW01_add_6)
                                       4.55e-04 1.05e-03 1.71e+03    1.713   0.1
  core/f11/add_354 (total_filter_DW01_add_5)
                                       4.33e-04 1.01e-03 1.71e+03    1.713   0.1
  core/f12/add_351 (total_filter_DW01_add_4)
                                       6.23e-05 1.48e-04 1.69e+03    1.686   0.1
  core/f13/add_363 (total_filter_DW01_add_3)
                                       2.16e-03 5.02e-03 1.83e+03    1.834   0.1
  core/f14/add_360 (total_filter_DW01_add_2)
                                       2.26e-03 5.24e-03 1.83e+03    1.834   0.1
  core/f15/add_351 (total_filter_DW01_add_1)
                                       6.26e-05 1.45e-04 1.69e+03    1.686   0.1
  core/f16/add_327 (total_filter_DW01_add_0)
                                       4.46e-04 1.04e-03 1.71e+03    1.712   0.1
  ctrl (control)                          0.806    2.869 1.66e+05  169.183  10.5
1
